<?xml version="1.0" encoding="UTF-8"?>
<!-- Generated by org.testng.reporters.JUnitXMLReporter -->
<testsuite hostname="PRAMEET-PC" name="Free CRM App Test Cases" tests="5" failures="0" timestamp="18 Apr 2020 14:39:05 GMT" time="110.178" errors="0">
  <testcase name="verifyPageTitleTest" time="0.163" classname="com.cr.qa.testcases.LoginPageTest"/>
  <testcase name="crmImageTest" time="0.704" classname="com.cr.qa.testcases.LoginPageTest"/>
  <testcase name="loginTest" time="8.971" classname="com.cr.qa.testcases.LoginPageTest"/>
  <testcase name="verifyHomePageTitleTest" time="0.018" classname="com.cr.qa.testcases.HomePageTest"/>
  <testcase name="verifyContactsLinkTest" time="1.844" classname="com.cr.qa.testcases.HomePageTest"/>
</testsuite> <!-- Free CRM App Test Cases -->
