<?xml version="1.0" encoding="UTF-8"?>
<!-- Generated by org.testng.reporters.JUnitXMLReporter -->
<testsuite hostname="PRAMEET-PC" name="Default test" tests="3" failures="0" timestamp="18 Apr 2020 13:15:20 GMT" time="63.521" errors="0">
  <testcase name="verifyContactPageLavelTest" time="0.235" classname="com.cr.qa.testcases.ContactsPageTest"/>
  <testcase name="selectContactTest" time="0.258" classname="com.cr.qa.testcases.ContactsPageTest"/>
  <testcase name="CreateNewContactTest" time="2.466" classname="com.cr.qa.testcases.ContactsPageTest">
    <skipped/>
  </testcase> <!-- CreateNewContactTest -->
</testsuite> <!-- Default test -->
